<?xml version="1.0" encoding="UTF-8"?>
<testsuite name="AccountServiceTest" tests="1" skipped="0" failures="0" errors="0" timestamp="2022-07-26T14:46:35" hostname="DESKTOP-MHJTMMJ" time="101.656">
  <properties/>
  <testcase name="start" classname="AccountServiceTest" time="101.656"/>
  <system-out><![CDATA[?[1;31m
Start test 1?[0m
?[0;34m
?[0m?[0;34m  .   ____          _            __ _ _
?[0m?[0;34m /\\ / ___'_ __ _ _(_)_ __  __ _ \ \ \ \
?[0m?[0;34m( ( )\___ | '_ | '_| | '_ \/ _` | \ \ \ \
?[0m?[0;34m \\/  ___)| |_)| | | | | || (_| |  ) ) ) )
?[0m?[0;34m  '  |____| .__|_| |_|_| |_\__, | / / / /
?[0m?[0;34m =========|_|==============|___/=/_/_/_/
?[0m?[0;34m :: Spring Boot ::        (v2.3.1.RELEASE)
?[0m?[0;34m
?[0m?[0;34m2022-07-26 09:46:44.701  INFO 13284 --- [    Test worker] account.AccountServiceApplication        : Starting AccountServiceApplication on DESKTOP-MHJTMMJ with PID 13284 (started by cprad in C:\Users\cprad\OneDrive\Escritorio\JetBrains_Java\11_Account-Service\Account Service\task)
?[0m?[0;34m2022-07-26 09:46:44.980  INFO 13284 --- [    Test worker] account.AccountServiceApplication        : No active profile set, falling back to default profiles: default
?[0m?[0;34m2022-07-26 09:46:52.887  INFO 13284 --- [    Test worker] .s.d.r.c.RepositoryConfigurationDelegate : Bootstrapping Spring Data JPA repositories in DEFERRED mode.
?[0m?[0;34m2022-07-26 09:46:53.217  INFO 13284 --- [    Test worker] .s.d.r.c.RepositoryConfigurationDelegate : Finished Spring Data repository scanning in 286ms. Found 3 JPA repository interfaces.
?[0m?[0;34m2022-07-26 09:46:57.385  INFO 13284 --- [    Test worker] o.s.b.w.embedded.tomcat.TomcatWebServer  : Tomcat initialized with port(s): 28852 (http)
?[0m?[0;34m2022-07-26 09:46:57.457  INFO 13284 --- [    Test worker] o.apache.catalina.core.StandardService   : Starting service [Tomcat]
?[0m?[0;34m2022-07-26 09:46:57.459  INFO 13284 --- [    Test worker] org.apache.catalina.core.StandardEngine  : Starting Servlet engine: [Apache Tomcat/9.0.36]
?[0m?[0;34m2022-07-26 09:46:58.366  INFO 13284 --- [    Test worker] o.a.c.c.C.[Tomcat].[localhost].[/]       : Initializing Spring embedded WebApplicationContext
?[0m?[0;34m2022-07-26 09:46:58.367  INFO 13284 --- [    Test worker] w.s.c.ServletWebServerApplicationContext : Root WebApplicationContext: initialization completed in 13064 ms
?[0m?[0;34m2022-07-26 09:46:59.074  INFO 13284 --- [    Test worker] com.zaxxer.hikari.HikariDataSource       : HikariPool-1 - Starting...
?[0m?[0;34m2022-07-26 09:47:00.766  INFO 13284 --- [    Test worker] com.zaxxer.hikari.HikariDataSource       : HikariPool-1 - Start completed.
?[0m?[0;34m2022-07-26 09:47:00.807  INFO 13284 --- [    Test worker] o.s.b.a.h2.H2ConsoleAutoConfiguration    : H2 console available at '/h2-console'. Database available at 'jdbc:h2:file:../service_db'
?[0m?[0;34m2022-07-26 09:47:01.798  INFO 13284 --- [    Test worker] o.s.s.concurrent.ThreadPoolTaskExecutor  : Initializing ExecutorService 'applicationTaskExecutor'
?[0;34m2022-07-26 09:47:02.139  INFO 13284 --- [         task-1] o.hibernate.jpa.internal.util.LogHelper  : HHH000204: Processing PersistenceUnitInfo [name: default]
?[0m?[0;34m2022-07-26 09:47:02.499  WARN 13284 --- [    Test worker] JpaBaseConfiguration$JpaWebConfiguration : spring.jpa.open-in-view is enabled by default. Therefore, database queries may be performed during view rendering. Explicitly configure spring.jpa.open-in-view to disable this warning
?[0m?[0;34m2022-07-26 09:47:02.634  INFO 13284 --- [         task-1] org.hibernate.Version                    : HHH000412: Hibernate ORM core version 5.4.17.Final
?[0m?[0;34m2022-07-26 09:47:03.952  INFO 13284 --- [         task-1] o.hibernate.annotations.common.Version   : HCANN000001: Hibernate Commons Annotations {5.1.0.Final}
?[0m?[0;34m2022-07-26 09:47:04.128  INFO 13284 --- [    Test worker] o.s.b.a.w.s.WelcomePageHandlerMapping    : Adding welcome page: class path resource [static/index.html]
?[0m?[0;34m2022-07-26 09:47:05.645  INFO 13284 --- [         task-1] org.hibernate.dialect.Dialect            : HHH000400: Using dialect: org.hibernate.dialect.H2Dialect
?[0m?[0;34m2022-07-26 09:47:06.052  INFO 13284 --- [    Test worker] o.s.b.a.e.web.EndpointLinksResolver      : Exposing 14 endpoint(s) beneath base path '/actuator'
?[0m?[0;34m2022-07-26 09:47:06.450  INFO 13284 --- [    Test worker] o.s.s.web.DefaultSecurityFilterChain     : Creating filter chain: any request, [org.springframework.security.web.context.request.async.WebAsyncManagerIntegrationFilter@3e28af44, org.springframework.security.web.context.SecurityContextPersistenceFilter@186f7434, org.springframework.security.web.header.HeaderWriterFilter@684b26b7, org.springframework.security.web.authentication.logout.LogoutFilter@1d1b3620, org.springframework.security.web.authentication.www.BasicAuthenticationFilter@7ac1b6c0, org.springframework.security.web.savedrequest.RequestCacheAwareFilter@6ffc6ea7, org.springframework.security.web.servletapi.SecurityContextHolderAwareRequestFilter@6be8ce1b, org.springframework.security.web.authentication.AnonymousAuthenticationFilter@33891646, org.springframework.security.web.session.SessionManagementFilter@299cab08, org.springframework.security.web.access.ExceptionTranslationFilter@32dbca45, org.springframework.security.web.access.intercept.FilterSecurityInterceptor@69c1ea07]
?[0m?[0;34m2022-07-26 09:47:16.242  INFO 13284 --- [         task-1] o.h.e.t.j.p.i.JtaPlatformInitiator       : HHH000490: Using JtaPlatform implementation: [org.hibernate.engine.transaction.jta.platform.internal.NoJtaPlatform]
?[0m?[0;34m2022-07-26 09:47:16.288  INFO 13284 --- [         task-1] j.LocalContainerEntityManagerFactoryBean : Initialized JPA EntityManagerFactory for persistence unit 'default'
?[0m?[0;34m2022-07-26 09:47:17.210  INFO 13284 --- [    Test worker] o.s.b.w.embedded.tomcat.TomcatWebServer  : Tomcat started on port(s): 28852 (http) with context path ''
?[0m?[0;34m2022-07-26 09:47:17.216  INFO 13284 --- [    Test worker] DeferredRepositoryInitializationListener : Triggering deferred initialization of Spring Data repositories…
?[0m?[0;34m2022-07-26 09:47:19.370  INFO 13284 --- [    Test worker] DeferredRepositoryInitializationListener : Spring Data repositories initialized!
?[0m?[0;34mSetup role
?[0m?[0;34mROLE_USER
?[0m?[0;34mROLE_ACCOUNTANT
?[0m?[0;34mROLE_ADMINISTRATOR
?[0m?[0;34m2022-07-26 09:47:20.509  INFO 13284 --- [    Test worker] account.AccountServiceApplication        : Started AccountServiceApplication in 38.239 seconds (JVM running for 57.503)
?[0;34m2022-07-26 09:47:23.365  INFO 13284 --- [io-28852-exec-1] o.a.c.c.C.[Tomcat].[localhost].[/]       : Initializing Spring DispatcherServlet 'dispatcherServlet'
?[0m?[0;34m2022-07-26 09:47:23.366  INFO 13284 --- [io-28852-exec-1] o.s.web.servlet.DispatcherServlet        : Initializing Servlet 'dispatcherServlet'
?[0m?[0;34m2022-07-26 09:47:23.409  INFO 13284 --- [io-28852-exec-1] o.s.web.servlet.DispatcherServlet        : Completed initialization in 42 ms
?[0m?[1;31m
Start test 2?[0m
?[1;31m
Start test 3?[0m
?[1;31m
Start test 4?[0m
?[1;31m
Start test 5?[0m
?[1;31m
Start test 6?[0m
?[1;31m
Start test 7?[0m
?[1;31m
Start test 8?[0m
?[1;31m
Start test 9?[0m
?[1;31m
Start test 10?[0m
?[1;31m
Start test 11?[0m
?[1;31m
Start test 12?[0m
?[1;31m
Start test 13?[0m
?[1;31m
Start test 14?[0m
?[1;31m
Start test 15?[0m
?[1;31m
Start test 16?[0m
?[1;31m
Start test 17?[0m
?[1;31m
Start test 18?[0m
?[1;31m
Start test 19?[0m
?[1;31m
Start test 20?[0m
?[1;31m
Start test 21?[0m
?[1;31m
Start test 22?[0m
?[1;31m
Start test 23?[0m
?[1;31m
Start test 24?[0m
?[1;31m
Start test 25?[0m
?[1;31m
Start test 26?[0m
?[1;31m
Start test 27?[0m
?[1;31m
Start test 28?[0m
?[1;31m
Start test 29?[0m
?[1;31m
Start test 30?[0m
?[1;31m
Start test 31?[0m
?[1;31m
Start test 32?[0m
?[0;34m2022-07-26 09:47:33.570  INFO 13284 --- [     Thread-336] j.LocalContainerEntityManagerFactoryBean : Closing JPA EntityManagerFactory for persistence unit 'default'
?[0m?[0;34m2022-07-26 09:47:33.578  INFO 13284 --- [     Thread-336] o.s.s.concurrent.ThreadPoolTaskExecutor  : Shutting down ExecutorService 'applicationTaskExecutor'
?[0m?[0;34m2022-07-26 09:47:33.584  INFO 13284 --- [     Thread-336] com.zaxxer.hikari.HikariDataSource       : HikariPool-1 - Shutdown initiated...
?[0m?[0;34m2022-07-26 09:47:34.032  INFO 13284 --- [     Thread-336] com.zaxxer.hikari.HikariDataSource       : HikariPool-1 - Shutdown completed.
?[0;34m
?[0m?[0;34m  .   ____          _            __ _ _
?[0m?[0;34m /\\ / ___'_ __ _ _(_)_ __  __ _ \ \ \ \
?[0m?[0;34m( ( )\___ | '_ | '_| | '_ \/ _` | \ \ \ \
?[0m?[0;34m \\/  ___)| |_)| | | | | || (_| |  ) ) ) )
?[0m?[0;34m  '  |____| .__|_| |_|_| |_\__, | / / / /
?[0m?[0;34m =========|_|==============|___/=/_/_/_/
?[0m?[0;34m :: Spring Boot ::        (v2.3.1.RELEASE)
?[0m?[0;34m
?[0m?[0;34m2022-07-26 09:47:43.743  INFO 13284 --- [    Test worker] account.AccountServiceApplication        : Starting AccountServiceApplication on DESKTOP-MHJTMMJ with PID 13284 (started by cprad in C:\Users\cprad\OneDrive\Escritorio\JetBrains_Java\11_Account-Service\Account Service\task)
?[0m?[0;34m2022-07-26 09:47:43.760  INFO 13284 --- [    Test worker] account.AccountServiceApplication        : No active profile set, falling back to default profiles: default
?[0m?[0;34m2022-07-26 09:47:45.994  INFO 13284 --- [    Test worker] .s.d.r.c.RepositoryConfigurationDelegate : Bootstrapping Spring Data JPA repositories in DEFERRED mode.
?[0m?[0;34m2022-07-26 09:47:46.129  INFO 13284 --- [    Test worker] .s.d.r.c.RepositoryConfigurationDelegate : Finished Spring Data repository scanning in 131ms. Found 3 JPA repository interfaces.
?[0m?[0;34m2022-07-26 09:47:46.633  INFO 13284 --- [    Test worker] o.s.b.w.embedded.tomcat.TomcatWebServer  : Tomcat initialized with port(s): 28852 (http)
?[0m?[0;34m2022-07-26 09:47:46.636  INFO 13284 --- [    Test worker] o.apache.catalina.core.StandardService   : Starting service [Tomcat]
?[0m?[0;34m2022-07-26 09:47:46.641  INFO 13284 --- [    Test worker] org.apache.catalina.core.StandardEngine  : Starting Servlet engine: [Apache Tomcat/9.0.36]
?[0m?[0;34m2022-07-26 09:47:46.790  INFO 13284 --- [    Test worker] o.a.c.c.C.[Tomcat].[localhost].[/]       : Initializing Spring embedded WebApplicationContext
?[0m?[0;34m2022-07-26 09:47:46.796  INFO 13284 --- [    Test worker] w.s.c.ServletWebServerApplicationContext : Root WebApplicationContext: initialization completed in 3019 ms
?[0m?[0;34m2022-07-26 09:47:46.992  INFO 13284 --- [    Test worker] com.zaxxer.hikari.HikariDataSource       : HikariPool-2 - Starting...
?[0m?[0;34m2022-07-26 09:47:47.051  INFO 13284 --- [    Test worker] com.zaxxer.hikari.HikariDataSource       : HikariPool-2 - Start completed.
?[0m?[0;34m2022-07-26 09:47:47.052  INFO 13284 --- [    Test worker] o.s.b.a.h2.H2ConsoleAutoConfiguration    : H2 console available at '/h2-console'. Database available at 'jdbc:h2:file:../service_db'
?[0m?[0;34m2022-07-26 09:47:47.288  INFO 13284 --- [    Test worker] o.s.s.concurrent.ThreadPoolTaskExecutor  : Initializing ExecutorService 'applicationTaskExecutor'
?[0;34m2022-07-26 09:47:47.335  INFO 13284 --- [         task-1] o.hibernate.jpa.internal.util.LogHelper  : HHH000204: Processing PersistenceUnitInfo [name: default]
?[0m?[0;34m2022-07-26 09:47:47.383  INFO 13284 --- [         task-1] org.hibernate.dialect.Dialect            : HHH000400: Using dialect: org.hibernate.dialect.H2Dialect
?[0m?[0;34m2022-07-26 09:47:47.483  WARN 13284 --- [    Test worker] JpaBaseConfiguration$JpaWebConfiguration : spring.jpa.open-in-view is enabled by default. Therefore, database queries may be performed during view rendering. Explicitly configure spring.jpa.open-in-view to disable this warning
?[0m?[0;34m2022-07-26 09:47:47.747  INFO 13284 --- [    Test worker] o.s.b.a.w.s.WelcomePageHandlerMapping    : Adding welcome page: class path resource [static/index.html]
?[0m?[0;34m2022-07-26 09:47:48.144  INFO 13284 --- [    Test worker] o.s.b.a.e.web.EndpointLinksResolver      : Exposing 14 endpoint(s) beneath base path '/actuator'
?[0m?[0;34m2022-07-26 09:47:48.192  INFO 13284 --- [    Test worker] o.s.s.web.DefaultSecurityFilterChain     : Creating filter chain: any request, [org.springframework.security.web.context.request.async.WebAsyncManagerIntegrationFilter@35975b05, org.springframework.security.web.context.SecurityContextPersistenceFilter@2c257c0a, org.springframework.security.web.header.HeaderWriterFilter@3eb8057c, org.springframework.security.web.authentication.logout.LogoutFilter@6859bbd4, org.springframework.security.web.authentication.www.BasicAuthenticationFilter@4a225014, org.springframework.security.web.savedrequest.RequestCacheAwareFilter@16269ff4, org.springframework.security.web.servletapi.SecurityContextHolderAwareRequestFilter@684bfba9, org.springframework.security.web.authentication.AnonymousAuthenticationFilter@474deb4c, org.springframework.security.web.session.SessionManagementFilter@be186df, org.springframework.security.web.access.ExceptionTranslationFilter@39007725, org.springframework.security.web.access.intercept.FilterSecurityInterceptor@397f925e]
?[0m?[0;34m2022-07-26 09:47:49.330  INFO 13284 --- [         task-1] o.h.e.t.j.p.i.JtaPlatformInitiator       : HHH000490: Using JtaPlatform implementation: [org.hibernate.engine.transaction.jta.platform.internal.NoJtaPlatform]
?[0m?[0;34m2022-07-26 09:47:49.335  INFO 13284 --- [         task-1] j.LocalContainerEntityManagerFactoryBean : Initialized JPA EntityManagerFactory for persistence unit 'default'
?[0m?[0;34m2022-07-26 09:47:49.517  INFO 13284 --- [    Test worker] o.s.b.w.embedded.tomcat.TomcatWebServer  : Tomcat started on port(s): 28852 (http) with context path ''
?[0m?[0;34m2022-07-26 09:47:49.526  INFO 13284 --- [    Test worker] DeferredRepositoryInitializationListener : Triggering deferred initialization of Spring Data repositories…
?[0m?[0;34m2022-07-26 09:47:49.832  INFO 13284 --- [    Test worker] DeferredRepositoryInitializationListener : Spring Data repositories initialized!
?[0m?[0;34mSetup role
?[0m?[0;34mROLE_USER
?[0m?[0;34mROLE_ACCOUNTANT
?[0m?[0;34mROLE_ADMINISTRATOR
?[0m?[0;34m2022-07-26 09:47:49.923  INFO 13284 --- [    Test worker] account.AccountServiceApplication        : Started AccountServiceApplication in 6.371 seconds (JVM running for 86.917)
?[0m?[1;31m
Start test 33?[0m
?[0;34m2022-07-26 09:47:49.953  INFO 13284 --- [io-28852-exec-1] o.a.c.c.C.[Tomcat].[localhost].[/]       : Initializing Spring DispatcherServlet 'dispatcherServlet'
?[0m?[0;34m2022-07-26 09:47:49.954  INFO 13284 --- [io-28852-exec-1] o.s.web.servlet.DispatcherServlet        : Initializing Servlet 'dispatcherServlet'
?[0m?[0;34m2022-07-26 09:47:49.976  INFO 13284 --- [io-28852-exec-1] o.s.web.servlet.DispatcherServlet        : Completed initialization in 21 ms
?[1;31m
Start test 34?[0m
?[1;31m
Start test 35?[0m
?[1;31m
Start test 36?[0m
?[1;31m
Start test 37?[0m
?[1;31m
Start test 38?[0m
?[1;31m
Start test 39?[0m
?[1;31m
Start test 40?[0m
?[1;31m
Start test 41?[0m
?[1;31m
Start test 42?[0m
?[1;31m
Start test 43?[0m
?[1;31m
Start test 44?[0m
?[1;31m
Start test 45?[0m
?[0;34m2022-07-26 09:47:54.458  INFO 13284 --- [     Thread-669] j.LocalContainerEntityManagerFactoryBean : Closing JPA EntityManagerFactory for persistence unit 'default'
?[0m?[0;34m2022-07-26 09:47:54.461  INFO 13284 --- [     Thread-669] o.s.s.concurrent.ThreadPoolTaskExecutor  : Shutting down ExecutorService 'applicationTaskExecutor'
?[0m?[0;34m2022-07-26 09:47:54.466  INFO 13284 --- [     Thread-669] com.zaxxer.hikari.HikariDataSource       : HikariPool-2 - Shutdown initiated...
?[0m?[0;34m2022-07-26 09:47:54.785  INFO 13284 --- [     Thread-669] com.zaxxer.hikari.HikariDataSource       : HikariPool-2 - Shutdown completed.
?[0;34m
?[0m?[0;34m  .   ____          _            __ _ _
?[0m?[0;34m /\\ / ___'_ __ _ _(_)_ __  __ _ \ \ \ \
?[0m?[0;34m( ( )\___ | '_ | '_| | '_ \/ _` | \ \ \ \
?[0m?[0;34m \\/  ___)| |_)| | | | | || (_| |  ) ) ) )
?[0m?[0;34m  '  |____| .__|_| |_|_| |_\__, | / / / /
?[0m?[0;34m =========|_|==============|___/=/_/_/_/
?[0m?[0;34m :: Spring Boot ::        (v2.3.1.RELEASE)
?[0m?[0;34m
?[0m?[0;34m2022-07-26 09:48:04.605  INFO 13284 --- [    Test worker] account.AccountServiceApplication        : Starting AccountServiceApplication on DESKTOP-MHJTMMJ with PID 13284 (started by cprad in C:\Users\cprad\OneDrive\Escritorio\JetBrains_Java\11_Account-Service\Account Service\task)
?[0m?[0;34m2022-07-26 09:48:04.607  INFO 13284 --- [    Test worker] account.AccountServiceApplication        : No active profile set, falling back to default profiles: default
?[0m?[0;34m2022-07-26 09:48:06.685  INFO 13284 --- [    Test worker] .s.d.r.c.RepositoryConfigurationDelegate : Bootstrapping Spring Data JPA repositories in DEFERRED mode.
?[0m?[0;34m2022-07-26 09:48:06.818  INFO 13284 --- [    Test worker] .s.d.r.c.RepositoryConfigurationDelegate : Finished Spring Data repository scanning in 127ms. Found 3 JPA repository interfaces.
?[0m?[0;34m2022-07-26 09:48:07.201  INFO 13284 --- [    Test worker] o.s.b.w.embedded.tomcat.TomcatWebServer  : Tomcat initialized with port(s): 28852 (http)
?[0m?[0;34m2022-07-26 09:48:07.206  INFO 13284 --- [    Test worker] o.apache.catalina.core.StandardService   : Starting service [Tomcat]
?[0m?[0;34m2022-07-26 09:48:07.207  INFO 13284 --- [    Test worker] org.apache.catalina.core.StandardEngine  : Starting Servlet engine: [Apache Tomcat/9.0.36]
?[0m?[0;34m2022-07-26 09:48:07.346  INFO 13284 --- [    Test worker] o.a.c.c.C.[Tomcat].[localhost].[/]       : Initializing Spring embedded WebApplicationContext
?[0m?[0;34m2022-07-26 09:48:07.347  INFO 13284 --- [    Test worker] w.s.c.ServletWebServerApplicationContext : Root WebApplicationContext: initialization completed in 2698 ms
?[0m?[0;34m2022-07-26 09:48:07.557  INFO 13284 --- [    Test worker] com.zaxxer.hikari.HikariDataSource       : HikariPool-3 - Starting...
?[0m?[0;34m2022-07-26 09:48:07.599  INFO 13284 --- [    Test worker] com.zaxxer.hikari.HikariDataSource       : HikariPool-3 - Start completed.
?[0m?[0;34m2022-07-26 09:48:07.603  INFO 13284 --- [    Test worker] o.s.b.a.h2.H2ConsoleAutoConfiguration    : H2 console available at '/h2-console'. Database available at 'jdbc:h2:file:../service_db'
?[0m?[0;34m2022-07-26 09:48:07.795  INFO 13284 --- [    Test worker] o.s.s.concurrent.ThreadPoolTaskExecutor  : Initializing ExecutorService 'applicationTaskExecutor'
?[0;34m2022-07-26 09:48:07.884  INFO 13284 --- [         task-1] o.hibernate.jpa.internal.util.LogHelper  : HHH000204: Processing PersistenceUnitInfo [name: default]
?[0m?[0;34m2022-07-26 09:48:07.927  INFO 13284 --- [         task-1] org.hibernate.dialect.Dialect            : HHH000400: Using dialect: org.hibernate.dialect.H2Dialect
?[0m?[0;34m2022-07-26 09:48:08.013  WARN 13284 --- [    Test worker] JpaBaseConfiguration$JpaWebConfiguration : spring.jpa.open-in-view is enabled by default. Therefore, database queries may be performed during view rendering. Explicitly configure spring.jpa.open-in-view to disable this warning
?[0m?[0;34m2022-07-26 09:48:08.228  INFO 13284 --- [    Test worker] o.s.b.a.w.s.WelcomePageHandlerMapping    : Adding welcome page: class path resource [static/index.html]
?[0m?[0;34m2022-07-26 09:48:08.703  INFO 13284 --- [    Test worker] o.s.b.a.e.web.EndpointLinksResolver      : Exposing 14 endpoint(s) beneath base path '/actuator'
?[0m?[0;34m2022-07-26 09:48:08.768  INFO 13284 --- [    Test worker] o.s.s.web.DefaultSecurityFilterChain     : Creating filter chain: any request, [org.springframework.security.web.context.request.async.WebAsyncManagerIntegrationFilter@170937fe, org.springframework.security.web.context.SecurityContextPersistenceFilter@408bb173, org.springframework.security.web.header.HeaderWriterFilter@8318808, org.springframework.security.web.authentication.logout.LogoutFilter@1b4ade78, org.springframework.security.web.authentication.www.BasicAuthenticationFilter@45fa7fb7, org.springframework.security.web.savedrequest.RequestCacheAwareFilter@360d0c7a, org.springframework.security.web.servletapi.SecurityContextHolderAwareRequestFilter@32f8a37b, org.springframework.security.web.authentication.AnonymousAuthenticationFilter@623be2a0, org.springframework.security.web.session.SessionManagementFilter@b97f195, org.springframework.security.web.access.ExceptionTranslationFilter@71e2ddd, org.springframework.security.web.access.intercept.FilterSecurityInterceptor@ab595e8]
?[0m?[0;34m2022-07-26 09:48:09.144  INFO 13284 --- [         task-1] o.h.e.t.j.p.i.JtaPlatformInitiator       : HHH000490: Using JtaPlatform implementation: [org.hibernate.engine.transaction.jta.platform.internal.NoJtaPlatform]
?[0m?[0;34m2022-07-26 09:48:09.146  INFO 13284 --- [         task-1] j.LocalContainerEntityManagerFactoryBean : Initialized JPA EntityManagerFactory for persistence unit 'default'
?[0m?[0;34m2022-07-26 09:48:09.281  INFO 13284 --- [    Test worker] o.s.b.w.embedded.tomcat.TomcatWebServer  : Tomcat started on port(s): 28852 (http) with context path ''
?[0m?[0;34m2022-07-26 09:48:09.283  INFO 13284 --- [    Test worker] DeferredRepositoryInitializationListener : Triggering deferred initialization of Spring Data repositories…
?[0m?[0;34m2022-07-26 09:48:09.517  INFO 13284 --- [    Test worker] DeferredRepositoryInitializationListener : Spring Data repositories initialized!
?[0m?[0;34mSetup role
?[0m?[0;34mROLE_USER
?[0m?[0;34mROLE_ACCOUNTANT
?[0m?[0;34mROLE_ADMINISTRATOR
?[0m?[0;34m2022-07-26 09:48:09.613  INFO 13284 --- [    Test worker] account.AccountServiceApplication        : Started AccountServiceApplication in 5.156 seconds (JVM running for 106.607)
?[0m?[1;31m
Start test 46?[0m
?[0;34m2022-07-26 09:48:09.670  INFO 13284 --- [io-28852-exec-1] o.a.c.c.C.[Tomcat].[localhost].[/]       : Initializing Spring DispatcherServlet 'dispatcherServlet'
?[0m?[0;34m2022-07-26 09:48:09.671  INFO 13284 --- [io-28852-exec-1] o.s.web.servlet.DispatcherServlet        : Initializing Servlet 'dispatcherServlet'
?[0m?[0;34m2022-07-26 09:48:09.725  INFO 13284 --- [io-28852-exec-1] o.s.web.servlet.DispatcherServlet        : Completed initialization in 54 ms
?[1;31m
Start test 47?[0m
?[1;31m
Start test 48?[0m
?[1;31m
Start test 49?[0m
?[1;31m
Start test 50?[0m
?[1;31m
Start test 51?[0m
?[1;31m
Start test 52?[0m
?[1;31m
Start test 53?[0m
?[1;31m
Start test 54?[0m
?[1;31m
Start test 55?[0m
?[1;31m
Start test 56?[0m
?[1;31m
Start test 57?[0m
?[1;31m
Start test 58?[0m
?[1;31m
Start test 59?[0m
?[1;31m
Start test 60?[0m
?[1;31m
Start test 61?[0m
?[1;31m
Start test 62?[0m
?[1;31m
Start test 63?[0m
?[1;31m
Start test 64?[0m
?[1;31m
Start test 65?[0m
?[1;31m
Start test 66?[0m
?[1;31m
Start test 67?[0m
?[1;31m
Start test 68?[0m
?[1;31m
Start test 69?[0m
?[1;31m
Start test 70?[0m
?[0;34m2022-07-26 09:48:15.551  WARN 13284 --- [io-28852-exec-4] .w.s.m.s.DefaultHandlerExceptionResolver : Resolved [org.springframework.http.converter.HttpMessageNotReadableException: JSON parse error: Cannot deserialize value of type `java.time.YearMonth` from String "13-2021": Failed to deserialize java.time.YearMonth: (java.time.format.DateTimeParseException) Text '13-2021' could not be parsed: Unable to obtain YearMonth from TemporalAccessor: {MonthOfYear=13, Year=2021},ISO of type java.time.format.Parsed; nested exception is com.fasterxml.jackson.databind.exc.InvalidFormatException: Cannot deserialize value of type `java.time.YearMonth` from String "13-2021": Failed to deserialize java.time.YearMonth: (java.time.format.DateTimeParseException) Text '13-2021' could not be parsed: Unable to obtain YearMonth from TemporalAccessor: {MonthOfYear=13, Year=2021},ISO of type java.time.format.Parsed
?[0m?[0;34m at [Source: (PushbackInputStream); line: 1, column: 48] (through reference chain: java.util.ArrayList[0]->account.dto.request.UploadPayrollRequest["period"])]
?[1;31m
Start test 71?[0m
?[1;31m
Start test 72?[0m
?[1;31m
Start test 73?[0m
?[1;31m
Start test 74?[0m
?[0;34m2022-07-26 09:48:16.261  WARN 13284 --- [io-28852-exec-7] .w.s.m.s.DefaultHandlerExceptionResolver : Resolved [org.springframework.http.converter.HttpMessageNotReadableException: JSON parse error: Cannot deserialize value of type `java.time.YearMonth` from String "13-2021": Failed to deserialize java.time.YearMonth: (java.time.format.DateTimeParseException) Text '13-2021' could not be parsed: Unable to obtain YearMonth from TemporalAccessor: {MonthOfYear=13, Year=2021},ISO of type java.time.format.Parsed; nested exception is com.fasterxml.jackson.databind.exc.InvalidFormatException: Cannot deserialize value of type `java.time.YearMonth` from String "13-2021": Failed to deserialize java.time.YearMonth: (java.time.format.DateTimeParseException) Text '13-2021' could not be parsed: Unable to obtain YearMonth from TemporalAccessor: {MonthOfYear=13, Year=2021},ISO of type java.time.format.Parsed
?[0m?[0;34m at [Source: (PushbackInputStream); line: 1, column: 47] (through reference chain: account.dto.request.UploadPayrollRequest["period"])]
?[1;31m
Start test 75?[0m
?[1;31m
Start test 76?[0m
?[1;31m
Start test 77?[0m
?[1;31m
Start test 78?[0m
]]></system-out>
  <system-err><![CDATA[]]></system-err>
</testsuite>
